# JRE version: OpenJDK Runtime Environment Temurin-11.0.12+7 (11.0.12+7) (build 11.0.12+7)
# Java VM: OpenJDK 64-Bit Server VM Temurin-11.0.12+7 (11.0.12+7, mixed mode, tiered, compressed oops, parallel gc, windows-amd64)
Heap:
 PSYoungGen      total 25088K, used 15455K [0x00000000eab00000, 0x00000000ec680000, 0x0000000100000000)
  eden space 24064K, 60% used [0x00000000eab00000,0x00000000eb91bbe8,0x00000000ec280000)
  from space 1024K, 98% used [0x00000000ec300000,0x00000000ec3fc108,0x00000000ec400000)
  to   space 2048K, 0% used [0x00000000ec480000,0x00000000ec480000,0x00000000ec680000)
 ParOldGen       total 68608K, used 25440K [0x00000000c0000000, 0x00000000c4300000, 0x00000000eab00000)
  object space 68608K, 37% used [0x00000000c0000000,0x00000000c18d8068,0x00000000c4300000)
 Metaspace       used 37643K, capacity 39590K, committed 39896K, reserved 1085440K
  class space    used 3569K, capacity 4280K, committed 4352K, reserved 1048576K
GC Heap History (20 events):
Event: 3.156 GC heap before
{Heap before GC invocations=10 (full 1):
 PSYoungGen      total 27648K, used 27632K [0x00000000eab00000, 0x00000000ecd80000, 0x0000000100000000)
  eden space 22528K, 100% used [0x00000000eab00000,0x00000000ec100000,0x00000000ec100000)
  from space 5120K, 99% used [0x00000000ec700000,0x00000000ecbfc280,0x00000000ecc00000)
  to   space 6144K, 0% used [0x00000000ec100000,0x00000000ec100000,0x00000000ec700000)
 ParOldGen       total 68608K, used 7954K [0x00000000c0000000, 0x00000000c4300000, 0x00000000eab00000)
  object space 68608K, 11% used [0x00000000c0000000,0x00000000c07c4830,0x00000000c4300000)
 Metaspace       used 31182K, capacity 33082K, committed 33152K, reserved 1079296K
  class space    used 3001K, capacity 3712K, committed 3712K, reserved 1048576K
}
Event: 3.162 GC heap after
{Heap after GC invocations=10 (full 1):
 PSYoungGen      total 27648K, used 5171K [0x00000000eab00000, 0x00000000ecb80000, 0x0000000100000000)
  eden space 22016K, 0% used [0x00000000eab00000,0x00000000eab00000,0x00000000ec080000)
  from space 5632K, 91% used [0x00000000ec100000,0x00000000ec60cf90,0x00000000ec680000)
  to   space 5120K, 0% used [0x00000000ec680000,0x00000000ec680000,0x00000000ecb80000)
 ParOldGen       total 68608K, used 9979K [0x00000000c0000000, 0x00000000c4300000, 0x00000000eab00000)
  object space 68608K, 14% used [0x00000000c0000000,0x00000000c09bee20,0x00000000c4300000)
 Metaspace       used 31182K, capacity 33082K, committed 33152K, reserved 1079296K
  class space    used 3001K, capacity 3712K, committed 3712K, reserved 1048576K
}
Event: 3.253 GC heap before
{Heap before GC invocations=11 (full 1):
 PSYoungGen      total 27648K, used 27187K [0x00000000eab00000, 0x00000000ecb80000, 0x0000000100000000)
  eden space 22016K, 100% used [0x00000000eab00000,0x00000000ec080000,0x00000000ec080000)
  from space 5632K, 91% used [0x00000000ec100000,0x00000000ec60cf90,0x00000000ec680000)
  to   space 5120K, 0% used [0x00000000ec680000,0x00000000ec680000,0x00000000ecb80000)
 ParOldGen       total 68608K, used 9979K [0x00000000c0000000, 0x00000000c4300000, 0x00000000eab00000)
  object space 68608K, 14% used [0x00000000c0000000,0x00000000c09bee20,0x00000000c4300000)
 Metaspace       used 31348K, capacity 33210K, committed 33408K, reserved 1079296K
  class space    used 3014K, capacity 3712K, committed 3712K, reserved 1048576K
}
Event: 3.264 GC heap after
{Heap after GC invocations=11 (full 1):
 PSYoungGen      total 26624K, used 4562K [0x00000000eab00000, 0x00000000ecb00000, 0x0000000100000000)
  eden space 22016K, 0% used [0x00000000eab00000,0x00000000eab00000,0x00000000ec080000)
  from space 4608K, 99% used [0x00000000ec680000,0x00000000ecaf4b38,0x00000000ecb00000)
  to   space 5120K, 0% used [0x00000000ec100000,0x00000000ec100000,0x00000000ec600000)
 ParOldGen       total 68608K, used 13000K [0x00000000c0000000, 0x00000000c4300000, 0x00000000eab00000)
  object space 68608K, 18% used [0x00000000c0000000,0x00000000c0cb2008,0x00000000c4300000)
 Metaspace       used 31348K, capacity 33210K, committed 33408K, reserved 1079296K
  class space    used 3014K, capacity 3712K, committed 3712K, reserved 1048576K
}
Event: 3.306 GC heap before
{Heap before GC invocations=12 (full 1):
 PSYoungGen      total 26624K, used 26578K [0x00000000eab00000, 0x00000000ecb00000, 0x0000000100000000)
  eden space 22016K, 100% used [0x00000000eab00000,0x00000000ec080000,0x00000000ec080000)
  from space 4608K, 99% used [0x00000000ec680000,0x00000000ecaf4b38,0x00000000ecb00000)
  to   space 5120K, 0% used [0x00000000ec100000,0x00000000ec100000,0x00000000ec600000)
 ParOldGen       total 68608K, used 13000K [0x00000000c0000000, 0x00000000c4300000, 0x00000000eab00000)
  object space 68608K, 18% used [0x00000000c0000000,0x00000000c0cb2008,0x00000000c4300000)
 Metaspace       used 31349K, capacity 33210K, committed 33408K, reserved 1079296K
  class space    used 3014K, capacity 3712K, committed 3712K, reserved 1048576K
}
Event: 3.318 GC heap after
{Heap after GC invocations=12 (full 1):
 PSYoungGen      total 24576K, used 2208K [0x00000000eab00000, 0x00000000ec780000, 0x0000000100000000)
  eden space 22016K, 0% used [0x00000000eab00000,0x00000000eab00000,0x00000000ec080000)
  from space 2560K, 86% used [0x00000000ec100000,0x00000000ec328000,0x00000000ec380000)
  to   space 3584K, 0% used [0x00000000ec400000,0x00000000ec400000,0x00000000ec780000)
 ParOldGen       total 68608K, used 17531K [0x00000000c0000000, 0x00000000c4300000, 0x00000000eab00000)
  object space 68608K, 25% used [0x00000000c0000000,0x00000000c111ec60,0x00000000c4300000)
 Metaspace       used 31349K, capacity 33210K, committed 33408K, reserved 1079296K
  class space    used 3014K, capacity 3712K, committed 3712K, reserved 1048576K
}
Event: 3.372 GC heap before
{Heap before GC invocations=13 (full 1):
 PSYoungGen      total 24576K, used 24224K [0x00000000eab00000, 0x00000000ec780000, 0x0000000100000000)
  eden space 22016K, 100% used [0x00000000eab00000,0x00000000ec080000,0x00000000ec080000)
  from space 2560K, 86% used [0x00000000ec100000,0x00000000ec328000,0x00000000ec380000)
  to   space 3584K, 0% used [0x00000000ec400000,0x00000000ec400000,0x00000000ec780000)
 ParOldGen       total 68608K, used 17531K [0x00000000c0000000, 0x00000000c4300000, 0x00000000eab00000)
  object space 68608K, 25% used [0x00000000c0000000,0x00000000c111ec60,0x00000000c4300000)
 Metaspace       used 31349K, capacity 33210K, committed 33408K, reserved 1079296K
  class space    used 3014K, capacity 3712K, committed 3712K, reserved 1048576K
}
Event: 3.394 GC heap after
{Heap after GC invocations=13 (full 1):
 PSYoungGen      total 25088K, used 2624K [0x00000000eab00000, 0x00000000ec700000, 0x0000000100000000)
  eden space 22016K, 0% used [0x00000000eab00000,0x00000000eab00000,0x00000000ec080000)
  from space 3072K, 85% used [0x00000000ec400000,0x00000000ec690010,0x00000000ec700000)
  to   space 3072K, 0% used [0x00000000ec100000,0x00000000ec100000,0x00000000ec400000)
 ParOldGen       total 68608K, used 19651K [0x00000000c0000000, 0x00000000c4300000, 0x00000000eab00000)
  object space 68608K, 28% used [0x00000000c0000000,0x00000000c1330c60,0x00000000c4300000)
 Metaspace       used 31349K, capacity 33210K, committed 33408K, reserved 1079296K
  class space    used 3014K, capacity 3712K, committed 3712K, reserved 1048576K
}
Event: 3.470 GC heap before
{Heap before GC invocations=14 (full 1):
 PSYoungGen      total 25088K, used 24640K [0x00000000eab00000, 0x00000000ec700000, 0x0000000100000000)
  eden space 22016K, 100% used [0x00000000eab00000,0x00000000ec080000,0x00000000ec080000)
  from space 3072K, 85% used [0x00000000ec400000,0x00000000ec690010,0x00000000ec700000)
  to   space 3072K, 0% used [0x00000000ec100000,0x00000000ec100000,0x00000000ec400000)
 ParOldGen       total 68608K, used 19651K [0x00000000c0000000, 0x00000000c4300000, 0x00000000eab00000)
  object space 68608K, 28% used [0x00000000c0000000,0x00000000c1330c60,0x00000000c4300000)
 Metaspace       used 31527K, capacity 33383K, committed 33536K, reserved 1079296K
  class space    used 3027K, capacity 3749K, committed 3840K, reserved 1048576K
}
Event: 3.478 GC heap after
{Heap after GC invocations=14 (full 1):
 PSYoungGen      total 25088K, used 2784K [0x00000000eab00000, 0x00000000ec680000, 0x0000000100000000)
  eden space 22016K, 0% used [0x00000000eab00000,0x00000000eab00000,0x00000000ec080000)
  from space 3072K, 90% used [0x00000000ec100000,0x00000000ec3b8000,0x00000000ec400000)
  to   space 2560K, 0% used [0x00000000ec400000,0x00000000ec400000,0x00000000ec680000)
 ParOldGen       total 68608K, used 22177K [0x00000000c0000000, 0x00000000c4300000, 0x00000000eab00000)
  object space 68608K, 32% used [0x00000000c0000000,0x00000000c15a84f0,0x00000000c4300000)
 Metaspace       used 31527K, capacity 33383K, committed 33536K, reserved 1079296K
  class space    used 3027K, capacity 3749K, committed 3840K, reserved 1048576K
}
Event: 3.676 GC heap before
{Heap before GC invocations=15 (full 1):
 PSYoungGen      total 25088K, used 24788K [0x00000000eab00000, 0x00000000ec680000, 0x0000000100000000)
  eden space 22016K, 99% used [0x00000000eab00000,0x00000000ec07d0f8,0x00000000ec080000)
  from space 3072K, 90% used [0x00000000ec100000,0x00000000ec3b8000,0x00000000ec400000)
  to   space 2560K, 0% used [0x00000000ec400000,0x00000000ec400000,0x00000000ec680000)
 ParOldGen       total 68608K, used 22177K [0x00000000c0000000, 0x00000000c4300000, 0x00000000eab00000)
  object space 68608K, 32% used [0x00000000c0000000,0x00000000c15a84f0,0x00000000c4300000)
 Metaspace       used 33288K, capacity 35260K, committed 35416K, reserved 1081344K
  class space    used 3153K, capacity 3883K, committed 3968K, reserved 1048576K
}
Event: 3.685 GC heap after
{Heap after GC invocations=15 (full 1):
 PSYoungGen      total 23040K, used 805K [0x00000000eab00000, 0x00000000ec500000, 0x0000000100000000)
  eden space 22016K, 0% used [0x00000000eab00000,0x00000000eab00000,0x00000000ec080000)
  from space 1024K, 78% used [0x00000000ec400000,0x00000000ec4c9460,0x00000000ec500000)
  to   space 2048K, 0% used [0x00000000ec100000,0x00000000ec100000,0x00000000ec300000)
 ParOldGen       total 68608K, used 24929K [0x00000000c0000000, 0x00000000c4300000, 0x00000000eab00000)
  object space 68608K, 36% used [0x00000000c0000000,0x00000000c18584f0,0x00000000c4300000)
 Metaspace       used 33288K, capacity 35260K, committed 35416K, reserved 1081344K
  class space    used 3153K, capacity 3883K, committed 3968K, reserved 1048576K
}
Event: 3.685 GC heap before
{Heap before GC invocations=16 (full 1):
 PSYoungGen      total 23040K, used 1055K [0x00000000eab00000, 0x00000000ec500000, 0x0000000100000000)
  eden space 22016K, 1% used [0x00000000eab00000,0x00000000eab3ea60,0x00000000ec080000)
  from space 1024K, 78% used [0x00000000ec400000,0x00000000ec4c9460,0x00000000ec500000)
  to   space 2048K, 0% used [0x00000000ec100000,0x00000000ec100000,0x00000000ec300000)
 ParOldGen       total 68608K, used 24929K [0x00000000c0000000, 0x00000000c4300000, 0x00000000eab00000)
  object space 68608K, 36% used [0x00000000c0000000,0x00000000c18584f0,0x00000000c4300000)
 Metaspace       used 33297K, capacity 35270K, committed 35416K, reserved 1081344K
  class space    used 3155K, capacity 3885K, committed 3968K, reserved 1048576K
}
Event: 3.687 GC heap after
{Heap after GC invocations=16 (full 1):
 PSYoungGen      total 24064K, used 96K [0x00000000eab00000, 0x00000000ec480000, 0x0000000100000000)
  eden space 22016K, 0% used [0x00000000eab00000,0x00000000eab00000,0x00000000ec080000)
  from space 2048K, 4% used [0x00000000ec100000,0x00000000ec118000,0x00000000ec300000)
  to   space 512K, 0% used [0x00000000ec400000,0x00000000ec400000,0x00000000ec480000)
 ParOldGen       total 68608K, used 25570K [0x00000000c0000000, 0x00000000c4300000, 0x00000000eab00000)
  object space 68608K, 37% used [0x00000000c0000000,0x00000000c18f8920,0x00000000c4300000)
 Metaspace       used 33297K, capacity 35270K, committed 35416K, reserved 1081344K
  class space    used 3155K, capacity 3885K, committed 3968K, reserved 1048576K
}
Event: 3.687 GC heap before
{Heap before GC invocations=17 (full 2):
 PSYoungGen      total 24064K, used 96K [0x00000000eab00000, 0x00000000ec480000, 0x0000000100000000)
  eden space 22016K, 0% used [0x00000000eab00000,0x00000000eab00000,0x00000000ec080000)
  from space 2048K, 4% used [0x00000000ec100000,0x00000000ec118000,0x00000000ec300000)
  to   space 512K, 0% used [0x00000000ec400000,0x00000000ec400000,0x00000000ec480000)
 ParOldGen       total 68608K, used 25570K [0x00000000c0000000, 0x00000000c4300000, 0x00000000eab00000)
  object space 68608K, 37% used [0x00000000c0000000,0x00000000c18f8920,0x00000000c4300000)
 Metaspace       used 33297K, capacity 35270K, committed 35416K, reserved 1081344K
  class space    used 3155K, capacity 3885K, committed 3968K, reserved 1048576K
}
Event: 3.858 GC heap after
{Heap after GC invocations=17 (full 2):
 PSYoungGen      total 24064K, used 0K [0x00000000eab00000, 0x00000000ec480000, 0x0000000100000000)
  eden space 22016K, 0% used [0x00000000eab00000,0x00000000eab00000,0x00000000ec080000)
  from space 2048K, 0% used [0x00000000ec100000,0x00000000ec100000,0x00000000ec300000)
  to   space 512K, 0% used [0x00000000ec400000,0x00000000ec400000,0x00000000ec480000)
 ParOldGen       total 68608K, used 24975K [0x00000000c0000000, 0x00000000c4300000, 0x00000000eab00000)
  object space 68608K, 36% used [0x00000000c0000000,0x00000000c1863de0,0x00000000c4300000)
 Metaspace       used 33297K, capacity 35270K, committed 35416K, reserved 1081344K
  class space    used 3155K, capacity 3885K, committed 3968K, reserved 1048576K
}
Event: 4.100 GC heap before
{Heap before GC invocations=18 (full 2):
 PSYoungGen      total 24064K, used 22016K [0x00000000eab00000, 0x00000000ec480000, 0x0000000100000000)
  eden space 22016K, 100% used [0x00000000eab00000,0x00000000ec080000,0x00000000ec080000)
  from space 2048K, 0% used [0x00000000ec100000,0x00000000ec100000,0x00000000ec300000)
  to   space 512K, 0% used [0x00000000ec400000,0x00000000ec400000,0x00000000ec480000)
 ParOldGen       total 68608K, used 24975K [0x00000000c0000000, 0x00000000c4300000, 0x00000000eab00000)
  object space 68608K, 36% used [0x00000000c0000000,0x00000000c1863de0,0x00000000c4300000)
 Metaspace       used 34423K, capacity 36366K, committed 36568K, reserved 1081344K
  class space    used 3287K, capacity 4018K, committed 4096K, reserved 1048576K
}
Event: 4.102 GC heap after
{Heap after GC invocations=18 (full 2):
 PSYoungGen      total 25088K, used 440K [0x00000000eab00000, 0x00000000ecf80000, 0x0000000100000000)
  eden space 24576K, 0% used [0x00000000eab00000,0x00000000eab00000,0x00000000ec300000)
  from space 512K, 86% used [0x00000000ec400000,0x00000000ec46e328,0x00000000ec480000)
  to   space 1024K, 0% used [0x00000000ec300000,0x00000000ec300000,0x00000000ec400000)
 ParOldGen       total 68608K, used 24983K [0x00000000c0000000, 0x00000000c4300000, 0x00000000eab00000)
  object space 68608K, 36% used [0x00000000c0000000,0x00000000c1865de0,0x00000000c4300000)
 Metaspace       used 34423K, capacity 36366K, committed 36568K, reserved 1081344K
  class space    used 3287K, capacity 4018K, committed 4096K, reserved 1048576K
}
Event: 4.235 GC heap before
{Heap before GC invocations=19 (full 2):
 PSYoungGen      total 25088K, used 25016K [0x00000000eab00000, 0x00000000ecf80000, 0x0000000100000000)
  eden space 24576K, 100% used [0x00000000eab00000,0x00000000ec300000,0x00000000ec300000)
  from space 512K, 86% used [0x00000000ec400000,0x00000000ec46e328,0x00000000ec480000)
  to   space 1024K, 0% used [0x00000000ec300000,0x00000000ec300000,0x00000000ec400000)
 ParOldGen       total 68608K, used 24983K [0x00000000c0000000, 0x00000000c4300000, 0x00000000eab00000)
  object space 68608K, 36% used [0x00000000c0000000,0x00000000c1865de0,0x00000000c4300000)
 Metaspace       used 35213K, capacity 37201K, committed 37336K, reserved 1083392K
  class space    used 3356K, capacity 4083K, committed 4096K, reserved 1048576K
}
Event: 4.242 GC heap after
{Heap after GC invocations=19 (full 2):
 PSYoungGen      total 25088K, used 1008K [0x00000000eab00000, 0x00000000ec680000, 0x0000000100000000)
  eden space 24064K, 0% used [0x00000000eab00000,0x00000000eab00000,0x00000000ec280000)
  from space 1024K, 98% used [0x00000000ec300000,0x00000000ec3fc108,0x00000000ec400000)
  to   space 2048K, 0% used [0x00000000ec480000,0x00000000ec480000,0x00000000ec680000)
 ParOldGen       total 68608K, used 25440K [0x00000000c0000000, 0x00000000c4300000, 0x00000000eab00000)
  object space 68608K, 37% used [0x00000000c0000000,0x00000000c18d8068,0x00000000c4300000)
 Metaspace       used 35213K, capacity 37201K, committed 37336K, reserved 1083392K
  class space    used 3356K, capacity 4083K, committed 4096K, reserved 1048576K
}

